#
# There is insufficient memory for the Java Runtime Environment to continue.
# Native memory allocation (mmap) failed to map 130023424 bytes for Failed to commit area from 0x0000000084a00000 to 0x000000008c600000 of length 130023424.
# Possible reasons:
#   The system is out of physical RAM or swap space
#   The process is running with CompressedOops enabled, and the Java Heap may be blocking the growth of the native heap
# Possible solutions:
#   Reduce memory load on the system
#   Increase physical memory or swap space
#   Check if swap backing store is full
#   Decrease Java heap size (-Xmx/-Xms)
#   Decrease number of Java threads
#   Decrease Java thread stack sizes (-Xss)
#   Set larger code cache with -XX:ReservedCodeCacheSize=
# This output file may be truncated or incomplete.
#
#  Out of Memory Error (os_windows.cpp:3388), pid=13936, tid=13156
#
# JRE version:  (11.0.24+8) (build )
# Java VM: OpenJDK 64-Bit Server VM (11.0.24+8, mixed mode, sharing, tiered, compressed oops, g1 gc, windows-amd64)
# No core dump will be written. Minidumps are not enabled by default on client versions of Windows
#

---------------  S U M M A R Y ------------

Command Line: -Dfile.encoding=UTF-8 -Duser.language=en Permutation 3

Host: 11th Gen Intel(R) Core(TM) i5-11400H @ 2.70GHz, 12 cores, 7G,  Windows 11 , 64 bit Build 26100 (10.0.26100.2415)
Time: Fri Dec 13 09:50:10 2024 Syria Standard Time elapsed time: 2.209467 seconds (0d 0h 0m 2s)

---------------  T H R E A D  ---------------

Current thread (0x000001e3dedba000):  JavaThread "Unknown thread" [_thread_in_vm, id=13156, stack(0x000000b41c500000,0x000000b41c600000)]

Stack: [0x000000b41c500000,0x000000b41c600000]
Native frames: (J=compiled Java code, j=interpreted, Vv=VM code, C=native code)
V  [jvm.dll+0x6462aa]
V  [jvm.dll+0x7d9fd9]
V  [jvm.dll+0x7db6d9]
V  [jvm.dll+0x7dbdc3]
V  [jvm.dll+0x269ce5]
V  [jvm.dll+0x6434c9]
V  [jvm.dll+0x6379a5]
V  [jvm.dll+0x325d8c]
V  [jvm.dll+0x325c12]
V  [jvm.dll+0x32a7e6]
V  [jvm.dll+0x372b22]
V  [jvm.dll+0x372581]
V  [jvm.dll+0x3014c8]
V  [jvm.dll+0x3025c5]
V  [jvm.dll+0x7b3097]
V  [jvm.dll+0x7b485f]
V  [jvm.dll+0x37ff29]
V  [jvm.dll+0x7951af]
V  [jvm.dll+0x3f0887]
V  [jvm.dll+0x3f2df1]
C  [jli.dll+0x52ef]
C  [ucrtbase.dll+0x14ea0]
C  [KERNEL32.DLL+0x2e8d7]
C  [ntdll.dll+0xdfbcc]


---------------  P R O C E S S  ---------------

Threads class SMR info:
_java_thread_list=0x000001e3dece69b0, length=0, elements={
}

Java Threads: ( => current thread )

Other Threads:
  0x000001e3e0fcc800 GCTaskThread "GC Thread#0" [stack: 0x000000b41c600000,0x000000b41c700000] [id=6532]
  0x000001e3e0ffe000 ConcurrentGCThread "G1 Main Marker" [stack: 0x000000b41c700000,0x000000b41c800000] [id=19228]
  0x000001e3e1001000 ConcurrentGCThread "G1 Conc#0" [stack: 0x000000b41c800000,0x000000b41c900000] [id=17488]

[error occurred during error reporting (printing all threads), id 0xc0000005, EXCEPTION_ACCESS_VIOLATION (0xc0000005) at pc=0x00007ff83a241f07]

VM state:not at safepoint (not fully initialized)

VM Mutex/Monitor currently owned by a thread:  ([mutex/lock_event])
[0x000001e3e0fb50f0] Heap_lock - owner thread: 0x000001e3dedba000

Heap address: 0x0000000084a00000, size: 1974 MB, Compressed Oops mode: Non-zero based: 0x0000000084a00000
Narrow klass base: 0x0000000000000000, Narrow klass shift: 0

GC Heap History (0 events):
No events

Deoptimization events (0 events):
No events

Classes redefined (0 events):
No events

Internal exceptions (0 events):
No events

Events (1 events):
Event: 0.025 Loaded shared library C:\Program Files\Eclipse Adoptium\jdk-11.0.24.8-hotspot\bin\zip.dll


Dynamic libraries:
0x00007ff727730000 - 0x00007ff72773e000 	C:\Program Files\Eclipse Adoptium\jdk-11.0.24.8-hotspot\bin\java.exe
0x00007ff8b1400000 - 0x00007ff8b165e000 	C:\WINDOWS\SYSTEM32\ntdll.dll
0x00007ff8b04e0000 - 0x00007ff8b05a8000 	C:\WINDOWS\System32\KERNEL32.DLL
0x00007ff8aea70000 - 0x00007ff8aee22000 	C:\WINDOWS\System32\KERNELBASE.dll
0x00007ff8aee30000 - 0x00007ff8aef7b000 	C:\WINDOWS\System32\ucrtbase.dll
0x00007ff8aa6e0000 - 0x00007ff8aa6f7000 	C:\Program Files\Eclipse Adoptium\jdk-11.0.24.8-hotspot\bin\jli.dll
0x00007ff8b0680000 - 0x00007ff8b0848000 	C:\WINDOWS\System32\USER32.dll
0x00007ff8aea40000 - 0x00007ff8aea67000 	C:\WINDOWS\System32\win32u.dll
0x00007ff8877c0000 - 0x00007ff887a50000 	C:\WINDOWS\WinSxS\amd64_microsoft.windows.common-controls_6595b64144ccf1df_6.0.26100.2222_none_3e08959ce3342d77\COMCTL32.dll
0x00007ff8b0c90000 - 0x00007ff8b0cba000 	C:\WINDOWS\System32\GDI32.dll
0x00007ff8af8f0000 - 0x00007ff8af999000 	C:\WINDOWS\System32\msvcrt.dll
0x00007ff8ae910000 - 0x00007ff8aea3b000 	C:\WINDOWS\System32\gdi32full.dll
0x00007ff8a15a0000 - 0x00007ff8a15bb000 	C:\Program Files\Eclipse Adoptium\jdk-11.0.24.8-hotspot\bin\VCRUNTIME140.dll
0x00007ff8ae7d0000 - 0x00007ff8ae873000 	C:\WINDOWS\System32\msvcp_win.dll
0x00007ff8b0230000 - 0x00007ff8b025f000 	C:\WINDOWS\System32\IMM32.DLL
0x00007ff8a7b50000 - 0x00007ff8a7b5c000 	C:\Program Files\Eclipse Adoptium\jdk-11.0.24.8-hotspot\bin\vcruntime140_1.dll
0x00007ff864810000 - 0x00007ff86489d000 	C:\Program Files\Eclipse Adoptium\jdk-11.0.24.8-hotspot\bin\msvcp140.dll
0x00007ff839f30000 - 0x00007ff83aaf4000 	C:\Program Files\Eclipse Adoptium\jdk-11.0.24.8-hotspot\bin\server\jvm.dll
0x00007ff8b05b0000 - 0x00007ff8b0663000 	C:\WINDOWS\System32\ADVAPI32.dll
0x00007ff8b03b0000 - 0x00007ff8b0456000 	C:\WINDOWS\System32\sechost.dll
0x00007ff8b0270000 - 0x00007ff8b0386000 	C:\WINDOWS\System32\RPCRT4.dll
0x00007ff8b0e20000 - 0x00007ff8b0e28000 	C:\WINDOWS\System32\PSAPI.DLL
0x00007ff864720000 - 0x00007ff86472a000 	C:\WINDOWS\SYSTEM32\WSOCK32.dll
0x00007ff8a2720000 - 0x00007ff8a2756000 	C:\WINDOWS\SYSTEM32\WINMM.dll
0x00007ff8aa090000 - 0x00007ff8aa09b000 	C:\WINDOWS\SYSTEM32\VERSION.dll
0x00007ff8b08d0000 - 0x00007ff8b0944000 	C:\WINDOWS\System32\WS2_32.dll
0x00007ff8ad5d0000 - 0x00007ff8ad5ea000 	C:\WINDOWS\SYSTEM32\kernel.appcore.dll
0x00007ff8a73f0000 - 0x00007ff8a7400000 	C:\Program Files\Eclipse Adoptium\jdk-11.0.24.8-hotspot\bin\verify.dll
0x00007ff8ac190000 - 0x00007ff8ac3d1000 	C:\WINDOWS\SYSTEM32\DBGHELP.DLL
0x00007ff8af560000 - 0x00007ff8af8de000 	C:\WINDOWS\System32\combase.dll
0x00007ff8b0950000 - 0x00007ff8b0a26000 	C:\WINDOWS\System32\OLEAUT32.dll
0x00007ff8a1500000 - 0x00007ff8a1539000 	C:\WINDOWS\SYSTEM32\dbgcore.DLL
0x00007ff8af040000 - 0x00007ff8af0d9000 	C:\WINDOWS\System32\bcryptPrimitives.dll
0x00007ff890820000 - 0x00007ff890848000 	C:\Program Files\Eclipse Adoptium\jdk-11.0.24.8-hotspot\bin\java.dll
0x00007ff8a6430000 - 0x00007ff8a643a000 	C:\Program Files\Eclipse Adoptium\jdk-11.0.24.8-hotspot\bin\jimage.dll
0x00007ff890630000 - 0x00007ff890648000 	C:\Program Files\Eclipse Adoptium\jdk-11.0.24.8-hotspot\bin\zip.dll

dbghelp: loaded successfully - version: 4.0.5 - missing functions: none
symbol engine: initialized successfully - sym options: 0x614 - pdb path: .;C:\Program Files\Eclipse Adoptium\jdk-11.0.24.8-hotspot\bin;C:\WINDOWS\SYSTEM32;C:\WINDOWS\WinSxS\amd64_microsoft.windows.common-controls_6595b64144ccf1df_6.0.26100.2222_none_3e08959ce3342d77;C:\Program Files\Eclipse Adoptium\jdk-11.0.24.8-hotspot\bin\server

VM Arguments:
jvm_args: -Dfile.encoding=UTF-8 -Duser.language=en 
java_command: Permutation 3
java_class_path (initial): .;C:\Program Files\Git\usr\local\lift\lib\algs4.jar
Launcher Type: SUN_STANDARD

[Global flags]
     intx CICompilerCount                          = 4                                         {product} {ergonomic}
     uint ConcGCThreads                            = 3                                         {product} {ergonomic}
     uint G1ConcRefinementThreads                  = 10                                        {product} {ergonomic}
   size_t G1HeapRegionSize                         = 1048576                                   {product} {ergonomic}
    uintx GCDrainStackTargetSize                   = 64                                        {product} {ergonomic}
   size_t InitialHeapSize                          = 130023424                                 {product} {ergonomic}
   size_t MarkStackSize                            = 4194304                                   {product} {ergonomic}
   size_t MaxHeapSize                              = 2069889024                                {product} {ergonomic}
   size_t MinHeapDeltaBytes                        = 1048576                                   {product} {ergonomic}
    uintx NonNMethodCodeHeapSize                   = 5836300                                {pd product} {ergonomic}
    uintx NonProfiledCodeHeapSize                  = 122910970                              {pd product} {ergonomic}
    uintx ProfiledCodeHeapSize                     = 122910970                              {pd product} {ergonomic}
    uintx ReservedCodeCacheSize                    = 251658240                              {pd product} {ergonomic}
     bool SegmentedCodeCache                       = true                                      {product} {ergonomic}
     bool UseCompressedClassPointers               = true                                 {lp64_product} {ergonomic}
     bool UseCompressedOops                        = true                                 {lp64_product} {ergonomic}
     bool UseG1GC                                  = true                                      {product} {ergonomic}
     bool UseLargePagesIndividualAllocation        = false                                  {pd product} {ergonomic}

Logging:
Log output configuration:
 #0: stdout all=warning uptime,level,tags
 #1: stderr all=off uptime,level,tags

Environment Variables:
JAVA_HOME=C:\Program Files\Eclipse Adoptium\jdk-17.0.12.7-hotspot\
PATH=C:\Program Files\Git\mingw64\bin;C:\Program Files\Git\usr\bin;C:\Users\omar\bin;C:\Program Files\Git\usr\local\bin;C:\Program Files\Git\usr\bin;C:\Program Files\Eclipse Adoptium\jdk-11.0.24.8-hotspot\bin;C:\Program Files\Eclipse Adoptium\jdk-17.0.12.7-hotspot\bin;C:\Program Files (x86)\VMware\VMware Workstation\bin;C:\WINDOWS\system32;C:\WINDOWS;C:\WINDOWS\System32\Wbem;C:\WINDOWS\System32\WindowsPowerShell\v1.0;C:\WINDOWS\System32\OpenSSH;C:\Program Files\dotnet;C:\Program Files (x86)\sqlit3;C:\Program Files (x86)\NVIDIA Corporation\PhysX\Common;C:\Program Files\NVIDIA Corporation\NVIDIA NvDLISR;C:\Program Files\Git\cmd;C:\Program Files (x86)\ytp\FFmpeg-Builds-master;C:\Program Files\ffmpeg-master-latest-win64-gpl-shared;C:\Program Files\ffmpeg-master-latest-win64-gpl-shared\bin;C:\Users\omar\Downloads\percolation\alg4.jar;C:\Users\omar\AppData\Local\Programs\Python\Python311\Scripts;C:\Users\omar\AppData\Local\Programs\Python\Python311;C:\Users\omar\AppData\Local\Microsoft\WindowsApps;C:\Users\omar\AppData\Local\Programs\Hyper\resources\bin;C:\Program Files (x86)\sqlit3;C:\Users\omar\AppData\Local\Programs\Microsoft VS Code\bin
USERNAME=omar
LANG=en_US.UTF-8
LC_ALL=en_US.UTF-8
TERM=xterm-256color
OS=Windows_NT
PROCESSOR_IDENTIFIER=Intel64 Family 6 Model 141 Stepping 1, GenuineIntel
TMP=C:\Users\omar\AppData\Local\Temp
TEMP=C:\Users\omar\AppData\Local\Temp



---------------  S Y S T E M  ---------------

OS: Windows 11 , 64 bit Build 26100 (10.0.26100.2415)
OS uptime: 1 days 7:55 hours
Hyper-V role detected

CPU:total 12 (initial active 12) (6 cores per cpu, 2 threads per core) family 6 model 141 stepping 1 microcode 0x34, cmov, cx8, fxsr, mmx, sse, sse2, sse3, ssse3, sse4.1, sse4.2, popcnt, avx, avx2, aes, clmul, erms, 3dnowpref, lzcnt, ht, tsc, tscinvbit, bmi1, bmi2, adx, evex, sha, fma

Memory: 4k page, system-wide physical 7893M (1396M free)
TotalPageFile size 9941M (AvailPageFile size 40M)
current process WorkingSet (physical memory assigned to process): 12M, peak: 12M
current process commit charge ("private bytes"): 64M, peak: 188M

vm_info: OpenJDK 64-Bit Server VM (11.0.24+8) for windows-amd64 JRE (11.0.24+8), built on Jul 16 2024 23:39:21 by "" with MS VC++ 16.10 / 16.11 (VS2019)

END.
